Sep 15, 2016 1:21:39 PM org.mtahq.pfc.turnstile.TriggerServer start
INFO: Server is starting...
Sep 15, 2016 1:22:22 PM org.mtahq.pfc.turnstile.TriggerServer$AcceptHandler handle
INFO: Accept request received
Oct 25, 2016 9:10:00 AM org.mtahq.pfc.turnstile.TriggerServer start
INFO: Server is starting...
Oct 25, 2016 9:17:42 AM org.mtahq.pfc.turnstile.TriggerServer start
INFO: Server is starting...
Oct 25, 2016 9:21:26 AM org.mtahq.pfc.turnstile.TriggerServer start
INFO: Server is starting...
Oct 25, 2016 9:22:46 AM org.mtahq.pfc.turnstile.TriggerServer start
INFO: Base directory '/Users/mnilsen/jdeveloper/mywork/TriggerServer/TriggerServer/.'
Oct 25, 2016 9:22:46 AM org.mtahq.pfc.turnstile.TriggerServer start
INFO: Server is starting...
Oct 25, 2016 9:28:45 AM org.mtahq.pfc.turnstile.TriggerServer start
INFO: Base directory '/Users/mnilsen/jdeveloper/mywork/TriggerServer/TriggerServer/.'
Oct 25, 2016 9:28:45 AM org.mtahq.pfc.turnstile.TriggerServer start
INFO: Server is starting...
Oct 25, 2016 11:12:29 AM org.mtahq.pfc.turnstile.TriggerServer start
INFO: Base directory '/Users/mnilsen/jdeveloper/mywork/TriggerServer/TriggerServer/.'
Oct 25, 2016 11:12:29 AM org.mtahq.pfc.turnstile.TriggerServer start
INFO: Server is starting...
Oct 25, 2016 11:14:33 AM org.mtahq.pfc.turnstile.TriggerServer start
INFO: Base directory '/Users/mnilsen/jdeveloper/mywork/TriggerServer/TriggerServer/.'
Oct 25, 2016 11:14:33 AM org.mtahq.pfc.turnstile.TriggerServer start
INFO: Server is starting...
Oct 25, 2016 11:21:51 AM org.mtahq.pfc.turnstile.TriggerServer start
INFO: Base directory '/Users/mnilsen/jdeveloper/mywork/TriggerServer/TriggerServer/.'
Oct 25, 2016 11:21:51 AM org.mtahq.pfc.turnstile.TriggerServer start
INFO: Server is starting...
Oct 25, 2016 11:26:23 AM org.mtahq.pfc.turnstile.TriggerServer start
INFO: Base directory '/Users/mnilsen/jdeveloper/mywork/TriggerServer/TriggerServer/.'
Oct 25, 2016 11:26:23 AM org.mtahq.pfc.turnstile.TriggerServer start
INFO: Server is starting...
Oct 25, 2016 11:27:28 AM org.mtahq.pfc.turnstile.TriggerServer start
INFO: Base directory '/Users/mnilsen/jdeveloper/mywork/TriggerServer/TriggerServer/.'
Oct 25, 2016 11:27:28 AM org.mtahq.pfc.turnstile.TriggerServer start
INFO: Server is starting...
Oct 25, 2016 11:31:09 AM org.mtahq.pfc.turnstile.TriggerServer start
INFO: Base directory '/Users/mnilsen/jdeveloper/mywork/TriggerServer/TriggerServer/.'
Oct 25, 2016 11:31:09 AM org.mtahq.pfc.turnstile.TriggerServer start
INFO: Server is starting...
Oct 25, 2016 11:34:42 AM org.mtahq.pfc.turnstile.TriggerServer start
INFO: Base directory '/Users/mnilsen/jdeveloper/mywork/TriggerServer/TriggerServer/.'
Oct 25, 2016 11:34:42 AM org.mtahq.pfc.turnstile.TriggerServer start
INFO: Server is starting...
Oct 25, 2016 11:36:51 AM org.mtahq.pfc.turnstile.TriggerServer start
INFO: Base directory '/Users/mnilsen/jdeveloper/mywork/TriggerServer/TriggerServer/.'
Oct 25, 2016 11:36:51 AM org.mtahq.pfc.turnstile.TriggerServer start
INFO: Server is starting...
Oct 25, 2016 11:37:46 AM org.mtahq.pfc.turnstile.TriggerServer start
INFO: Base directory '/Users/mnilsen/jdeveloper/mywork/TriggerServer/TriggerServer/.'
Oct 25, 2016 11:37:46 AM org.mtahq.pfc.turnstile.TriggerServer start
INFO: Server is starting...
Oct 25, 2016 11:38:48 AM org.mtahq.pfc.turnstile.TriggerServer start
INFO: Base directory '/Users/mnilsen/jdeveloper/mywork/TriggerServer/TriggerServer/.'
Oct 25, 2016 11:38:48 AM org.mtahq.pfc.turnstile.TriggerServer start
INFO: Server is starting...
Oct 25, 2016 11:40:02 AM org.mtahq.pfc.turnstile.TriggerServer start
INFO: Base directory '/Users/mnilsen/jdeveloper/mywork/TriggerServer/TriggerServer/.'
Oct 25, 2016 11:40:02 AM org.mtahq.pfc.turnstile.TriggerServer start
INFO: Server is starting...
Oct 25, 2016 11:43:17 AM org.mtahq.pfc.turnstile.TriggerServer start
INFO: Base directory '/Users/mnilsen/jdeveloper/mywork/TriggerServer/TriggerServer/.'
Oct 25, 2016 11:43:17 AM org.mtahq.pfc.turnstile.TriggerServer start
INFO: Server is starting...
Oct 25, 2016 11:43:29 AM org.mtahq.pfc.turnstile.TriggerServer$AcceptHandler handle
INFO: Accept request received
Oct 25, 2016 11:43:38 AM org.mtahq.pfc.turnstile.TriggerServer$AcceptHandler handle
INFO: Accept request received
Oct 25, 2016 11:56:30 AM org.mtahq.pfc.turnstile.TriggerServer start
INFO: Base directory '/Users/mnilsen/jdeveloper/mywork/TriggerServer/TriggerServer/.'
Oct 25, 2016 11:56:30 AM org.mtahq.pfc.turnstile.TriggerServer start
INFO: Server is starting...
Oct 25, 2016 11:56:44 AM org.mtahq.pfc.turnstile.TriggerServer$AcceptHandler handle
INFO: Accept request received
Oct 25, 2016 11:57:11 AM org.mtahq.pfc.turnstile.TriggerServer$AcceptHandler handle
INFO: Accept request received
Oct 25, 2016 11:57:11 AM org.mtahq.pfc.turnstile.TriggerServer$AcceptHandler handle
INFO: Accept request received
Oct 25, 2016 11:57:11 AM org.mtahq.pfc.turnstile.TriggerServer$AcceptHandler handle
INFO: Accept request received
Oct 25, 2016 11:57:15 AM org.mtahq.pfc.turnstile.TriggerServer$AcceptHandler handle
INFO: Accept request received
Oct 25, 2016 11:57:16 AM org.mtahq.pfc.turnstile.TriggerServer$AcceptHandler handle
INFO: Accept request received
Oct 25, 2016 11:57:16 AM org.mtahq.pfc.turnstile.TriggerServer$AcceptHandler handle
INFO: Accept request received
Oct 25, 2016 11:57:33 AM org.mtahq.pfc.turnstile.TriggerServer$AcceptHandler handle
INFO: Accept request received
Oct 25, 2016 11:57:33 AM org.mtahq.pfc.turnstile.TriggerServer$AcceptHandler handle
INFO: Accept request received
Oct 25, 2016 11:57:33 AM org.mtahq.pfc.turnstile.TriggerServer$AcceptHandler handle
INFO: Accept request received
Oct 25, 2016 11:57:33 AM org.mtahq.pfc.turnstile.TriggerServer$AcceptHandler handle
INFO: Accept request received
Oct 25, 2016 11:57:33 AM org.mtahq.pfc.turnstile.TriggerServer$AcceptHandler handle
INFO: Accept request received
Oct 25, 2016 11:57:33 AM org.mtahq.pfc.turnstile.TriggerServer$AcceptHandler handle
INFO: Accept request received
Oct 25, 2016 11:57:33 AM org.mtahq.pfc.turnstile.TriggerServer$AcceptHandler handle
INFO: Accept request received
Oct 25, 2016 11:57:33 AM org.mtahq.pfc.turnstile.TriggerServer$AcceptHandler handle
INFO: Accept request received
Oct 25, 2016 11:57:33 AM org.mtahq.pfc.turnstile.TriggerServer$AcceptHandler handle
INFO: Accept request received
Oct 25, 2016 11:57:33 AM org.mtahq.pfc.turnstile.TriggerServer$AcceptHandler handle
INFO: Accept request received
Oct 25, 2016 12:01:04 PM org.mtahq.pfc.turnstile.TriggerServer start
INFO: Base directory '/Users/mnilsen/jdeveloper/mywork/TriggerServer/TriggerServer/.'
Oct 25, 2016 12:01:04 PM org.mtahq.pfc.turnstile.TriggerServer start
INFO: Server is starting...
Oct 25, 2016 12:02:26 PM org.mtahq.pfc.turnstile.TriggerServer start
INFO: Base directory '/Users/mnilsen/jdeveloper/mywork/TriggerServer/TriggerServer/.'
Oct 25, 2016 12:02:26 PM org.mtahq.pfc.turnstile.TriggerServer start
INFO: Server is starting...
Oct 25, 2016 12:05:33 PM org.mtahq.pfc.turnstile.TriggerServer start
INFO: Base directory '/Users/mnilsen/jdeveloper/mywork/TriggerServer/TriggerServer/.'
Oct 25, 2016 12:05:33 PM org.mtahq.pfc.turnstile.TriggerServer start
INFO: Server is starting...
Oct 25, 2016 12:07:32 PM org.mtahq.pfc.turnstile.TriggerServer start
INFO: Base directory '/Users/mnilsen/jdeveloper/mywork/TriggerServer/TriggerServer/.'
Oct 25, 2016 12:07:32 PM org.mtahq.pfc.turnstile.TriggerServer start
INFO: Server is starting...
Oct 25, 2016 12:07:40 PM org.mtahq.pfc.turnstile.TriggerServer$AcceptHandler handle
INFO: Accept request received
Oct 25, 2016 12:07:43 PM org.mtahq.pfc.turnstile.TriggerServer$AcceptHandler handle
INFO: Accept request received
Oct 25, 2016 12:07:43 PM org.mtahq.pfc.turnstile.TriggerServer$AcceptHandler handle
INFO: Accept request received
Oct 25, 2016 12:07:49 PM org.mtahq.pfc.turnstile.TriggerServer$AcceptHandler handle
INFO: Accept request received
Oct 25, 2016 12:07:49 PM org.mtahq.pfc.turnstile.TriggerServer$AcceptHandler handle
INFO: Accept request received
Oct 25, 2016 12:07:49 PM org.mtahq.pfc.turnstile.TriggerServer$AcceptHandler handle
INFO: Accept request received
Oct 25, 2016 12:07:54 PM org.mtahq.pfc.turnstile.TriggerServer$AcceptHandler handle
INFO: Accept request received
Oct 25, 2016 12:07:54 PM org.mtahq.pfc.turnstile.TriggerServer$AcceptHandler handle
INFO: Accept request received
Oct 25, 2016 12:07:54 PM org.mtahq.pfc.turnstile.TriggerServer$AcceptHandler handle
INFO: Accept request received
Oct 25, 2016 12:07:54 PM org.mtahq.pfc.turnstile.TriggerServer$AcceptHandler handle
INFO: Accept request received
Oct 25, 2016 12:08:00 PM org.mtahq.pfc.turnstile.TriggerServer$AcceptHandler handle
INFO: Accept request received
Oct 25, 2016 12:08:00 PM org.mtahq.pfc.turnstile.TriggerServer$AcceptHandler handle
INFO: Accept request received
Oct 25, 2016 12:08:00 PM org.mtahq.pfc.turnstile.TriggerServer$AcceptHandler handle
INFO: Accept request received
Oct 25, 2016 12:08:00 PM org.mtahq.pfc.turnstile.TriggerServer$AcceptHandler handle
INFO: Accept request received
Oct 25, 2016 12:08:00 PM org.mtahq.pfc.turnstile.TriggerServer$AcceptHandler handle
INFO: Accept request received
Oct 25, 2016 12:08:29 PM org.mtahq.pfc.turnstile.TriggerServer$AcceptHandler handle
INFO: Accept request received
Oct 25, 2016 12:08:29 PM org.mtahq.pfc.turnstile.TriggerServer$AcceptHandler handle
INFO: Accept request received
Oct 25, 2016 12:08:29 PM org.mtahq.pfc.turnstile.TriggerServer$AcceptHandler handle
INFO: Accept request received
Oct 25, 2016 12:08:29 PM org.mtahq.pfc.turnstile.TriggerServer$AcceptHandler handle
INFO: Accept request received
Oct 25, 2016 12:08:29 PM org.mtahq.pfc.turnstile.TriggerServer$AcceptHandler handle
INFO: Accept request received
Oct 25, 2016 12:08:29 PM org.mtahq.pfc.turnstile.TriggerServer$AcceptHandler handle
INFO: Accept request received
Oct 25, 2016 12:12:46 PM org.mtahq.pfc.turnstile.TriggerServer start
INFO: Base directory '/Users/mnilsen/jdeveloper/mywork/TriggerServer/TriggerServer/.'
Oct 25, 2016 12:12:46 PM org.mtahq.pfc.turnstile.TriggerServer start
INFO: Server is starting...
Oct 25, 2016 12:13:04 PM org.mtahq.pfc.turnstile.TriggerServer$AcceptHandler handle
INFO: Accept request received
Oct 25, 2016 12:13:04 PM org.mtahq.pfc.turnstile.TriggerServer$AcceptHandler handle
INFO: Accept request received
Oct 25, 2016 12:13:04 PM org.mtahq.pfc.turnstile.TriggerServer$AcceptHandler handle
INFO: Accept request received
Oct 25, 2016 12:13:04 PM org.mtahq.pfc.turnstile.TriggerServer$AcceptHandler handle
INFO: Accept request received
Oct 25, 2016 12:13:04 PM org.mtahq.pfc.turnstile.TriggerServer$AcceptHandler handle
INFO: Accept request received
Oct 25, 2016 12:13:04 PM org.mtahq.pfc.turnstile.TriggerServer$AcceptHandler handle
INFO: Accept request received
Oct 25, 2016 12:13:04 PM org.mtahq.pfc.turnstile.TriggerServer$AcceptHandler handle
INFO: Accept request received
Oct 25, 2016 12:13:14 PM org.mtahq.pfc.turnstile.TriggerServer$AcceptHandler handle
INFO: Accept request received
Oct 25, 2016 12:26:03 PM org.mtahq.pfc.turnstile.TriggerServer$AcceptHandler handle
INFO: Accept request received
Oct 25, 2016 12:36:06 PM org.mtahq.pfc.turnstile.TriggerServer start
INFO: Base directory '/Users/mnilsen/jdeveloper/mywork/TriggerServer/TriggerServer/.'
Oct 25, 2016 12:36:06 PM org.mtahq.pfc.turnstile.TriggerServer start
INFO: Server is starting...
Nov 03, 2016 7:14:30 AM org.mtahq.pfc.turnstile.TriggerServer start
INFO: Base directory '/Users/mnilsen/jdeveloper/mywork/TriggerServer/TriggerServer/.'
Nov 03, 2016 7:14:30 AM org.mtahq.pfc.turnstile.TriggerServer start
INFO: Server is starting...
Nov 03, 2016 9:48:34 AM org.mtahq.pfc.turnstile.TriggerServer start
INFO: Base directory '/Users/mnilsen/jdeveloper/mywork/TriggerServer/TriggerServer/.'
Nov 03, 2016 9:48:34 AM org.mtahq.pfc.turnstile.TriggerServer start
INFO: Server is starting...
Nov 03, 2016 9:48:53 AM org.mtahq.pfc.turnstile.TriggerServer changeUUID
WARNING: UUID not found for removal: 415c0ebe-3ae5-4774-ab6c-9e4ea5f86533
Nov 03, 2016 9:48:53 AM org.mtahq.pfc.turnstile.TriggerServer changeUUID
INFO: Current UUID changed to 57edffc4-c551-4c19-993b-d010e28f32e8
Nov 03, 2016 9:48:53 AM org.mtahq.pfc.turnstile.TriggerServer$SubTriggerHandler handle
INFO: Subordinate Trigger notification received
Nov 03, 2016 9:48:55 AM org.mtahq.pfc.turnstile.TriggerServer changeUUID
INFO: Current UUID changed to 6b27c914-1694-4022-b66f-bef2a421f876
Nov 03, 2016 9:48:55 AM org.mtahq.pfc.turnstile.TriggerServer$SubTriggerHandler handle
INFO: Subordinate Trigger notification received
Nov 03, 2016 9:49:00 AM org.mtahq.pfc.turnstile.TriggerServer changeUUID
INFO: Current UUID changed to 002a908d-6370-467e-b6e6-94e76bb1c639
Nov 03, 2016 9:49:00 AM org.mtahq.pfc.turnstile.TriggerServer$SubTriggerHandler handle
INFO: Subordinate Trigger notification received
Nov 03, 2016 9:51:21 AM org.mtahq.pfc.turnstile.TriggerServer changeUUID
INFO: Current UUID changed to f2a6dc19-ebff-46ed-ad0a-981c6200cc36
Nov 03, 2016 9:51:21 AM org.mtahq.pfc.turnstile.TriggerServer$SubTriggerHandler handle
INFO: Subordinate Trigger notification received
Nov 03, 2016 9:51:27 AM org.mtahq.pfc.turnstile.TriggerServer changeUUID
INFO: Current UUID changed to fb3b795b-e028-4652-9d8b-a46709fbb40a
Nov 03, 2016 9:51:27 AM org.mtahq.pfc.turnstile.TriggerServer$SubTriggerHandler handle
INFO: Subordinate Trigger notification received
Nov 03, 2016 9:51:27 AM org.mtahq.pfc.turnstile.TriggerServer changeUUID
INFO: Current UUID changed to 018ce176-885b-42ae-8f37-75433905a5bb
Nov 03, 2016 9:51:27 AM org.mtahq.pfc.turnstile.TriggerServer$SubTriggerHandler handle
INFO: Subordinate Trigger notification received
Nov 03, 2016 9:53:33 AM org.mtahq.pfc.turnstile.TriggerServer start
INFO: Base directory '/Users/mnilsen/jdeveloper/mywork/TriggerServer/TriggerServer/.'
Nov 03, 2016 9:53:33 AM org.mtahq.pfc.turnstile.TriggerServer start
INFO: Server is starting...
Nov 03, 2016 9:53:52 AM org.mtahq.pfc.turnstile.TriggerServer$PollingHandler handle
INFO: Polling for UUID efc88e32-0f9c-4252-ba2b-66ae263e7f16
Nov 03, 2016 9:53:53 AM org.mtahq.pfc.turnstile.TriggerServer$PollingHandler handle
INFO: Polling for UUID efc88e32-0f9c-4252-ba2b-66ae263e7f16
Nov 03, 2016 9:54:49 AM org.mtahq.pfc.turnstile.TriggerServer$PollingHandler handle
INFO: Polling for UUID efc88e32-0f9c-4252-ba2b-66ae263e7f16
Nov 03, 2016 9:55:14 AM org.mtahq.pfc.turnstile.TriggerServer$PollingHandler handle
INFO: Polling for UUID efc88e32-0f9c-4252-ba2b-66ae263e7f16
Nov 03, 2016 9:56:40 AM org.mtahq.pfc.turnstile.TriggerServer$PollingHandler handle
INFO: Polling for UUID efc88e32-0f9c-4252-ba2b-66ae263e7f16
Nov 03, 2016 10:25:32 AM org.mtahq.pfc.turnstile.TriggerServer start
INFO: Base directory '/Users/mnilsen/jdeveloper/mywork/TriggerServer/TriggerServer/.'
Nov 03, 2016 10:25:32 AM org.mtahq.pfc.turnstile.TriggerServer start
INFO: Server is starting...
Nov 03, 2016 10:25:55 AM org.mtahq.pfc.turnstile.TriggerServer$AcceptHandler handle
INFO: Accept request received
Nov 03, 2016 10:26:00 AM org.mtahq.pfc.turnstile.TriggerServer$AcceptHandler handle
INFO: Accept request received
Nov 03, 2016 10:26:02 AM org.mtahq.pfc.turnstile.TriggerServer$AcceptHandler handle
INFO: Locked, Accept request ignored
Nov 03, 2016 10:26:04 AM org.mtahq.pfc.turnstile.TriggerServer$AcceptHandler handle
INFO: Locked, Accept request ignored
Nov 03, 2016 10:26:05 AM org.mtahq.pfc.turnstile.TriggerServer$AcceptHandler handle
INFO: Locked, Accept request ignored
Nov 03, 2016 10:26:13 AM org.mtahq.pfc.turnstile.TriggerServer$AcceptHandler handle
INFO: Accept request received
Nov 03, 2016 10:26:16 AM org.mtahq.pfc.turnstile.TriggerServer$AcceptHandler handle
INFO: Locked, Accept request ignored
Nov 03, 2016 10:26:18 AM org.mtahq.pfc.turnstile.TriggerServer$AcceptHandler handle
INFO: Locked, Accept request ignored
Nov 03, 2016 10:26:22 AM org.mtahq.pfc.turnstile.TriggerServer$AcceptHandler handle
INFO: Accept request received
Nov 03, 2016 10:26:25 AM org.mtahq.pfc.turnstile.TriggerServer$AcceptHandler handle
INFO: Locked, Accept request ignored
Nov 03, 2016 10:26:28 AM org.mtahq.pfc.turnstile.TriggerServer$AcceptHandler handle
INFO: Accept request received
Nov 03, 2016 10:29:17 AM org.mtahq.pfc.turnstile.TriggerServer start
INFO: Base directory '/Users/mnilsen/jdeveloper/mywork/TriggerServer/TriggerServer/.'
Nov 03, 2016 10:29:17 AM org.mtahq.pfc.turnstile.TriggerServer start
INFO: Server is starting...
Nov 03, 2016 10:29:22 AM org.mtahq.pfc.turnstile.TriggerServer$AcceptHandler handle
INFO: Accept request received
Nov 03, 2016 10:29:24 AM org.mtahq.pfc.turnstile.TriggerServer$AcceptHandler handle
INFO: Locked, Accept request ignored
Nov 03, 2016 10:29:25 AM org.mtahq.pfc.turnstile.TriggerServer$AcceptHandler handle
INFO: Locked, Accept request ignored
Nov 03, 2016 10:29:32 AM org.mtahq.pfc.turnstile.TriggerServer$AcceptHandler handle
INFO: Accept request received
Nov 03, 2016 10:30:25 AM org.mtahq.pfc.turnstile.TriggerServer$AcceptHandler handle
INFO: Accept request received
Nov 03, 2016 10:30:28 AM org.mtahq.pfc.turnstile.TriggerServer$AcceptHandler handle
INFO: Locked, Accept request ignored
Nov 03, 2016 10:30:29 AM org.mtahq.pfc.turnstile.TriggerServer$AcceptHandler handle
INFO: Locked, Accept request ignored
Nov 03, 2016 10:30:33 AM org.mtahq.pfc.turnstile.TriggerServer$AcceptHandler handle
INFO: Accept request received
Nov 03, 2016 10:35:08 AM org.mtahq.pfc.turnstile.TriggerServer$AcceptHandler handle
INFO: Accept request received
Nov 03, 2016 10:35:08 AM org.mtahq.pfc.turnstile.TriggerServer$AcceptHandler handle
INFO: Locked, Accept request ignored
Nov 03, 2016 10:35:08 AM org.mtahq.pfc.turnstile.TriggerServer$AcceptHandler handle
INFO: Locked, Accept request ignored
Nov 03, 2016 10:35:08 AM org.mtahq.pfc.turnstile.TriggerServer$AcceptHandler handle
INFO: Locked, Accept request ignored
Nov 03, 2016 10:35:09 AM org.mtahq.pfc.turnstile.TriggerServer$AcceptHandler handle
INFO: Locked, Accept request ignored
Nov 03, 2016 10:35:09 AM org.mtahq.pfc.turnstile.TriggerServer$AcceptHandler handle
INFO: Locked, Accept request ignored
Nov 03, 2016 10:35:09 AM org.mtahq.pfc.turnstile.TriggerServer$AcceptHandler handle
INFO: Locked, Accept request ignored
Nov 03, 2016 10:35:09 AM org.mtahq.pfc.turnstile.TriggerServer$AcceptHandler handle
INFO: Locked, Accept request ignored
Nov 03, 2016 10:35:10 AM org.mtahq.pfc.turnstile.TriggerServer$AcceptHandler handle
INFO: Locked, Accept request ignored
Nov 03, 2016 10:35:10 AM org.mtahq.pfc.turnstile.TriggerServer$AcceptHandler handle
INFO: Locked, Accept request ignored
Nov 03, 2016 10:35:10 AM org.mtahq.pfc.turnstile.TriggerServer$AcceptHandler handle
INFO: Locked, Accept request ignored
Nov 03, 2016 10:35:31 AM org.mtahq.pfc.turnstile.TriggerServer$AcceptHandler handle
INFO: Accept request received
Nov 03, 2016 10:35:33 AM org.mtahq.pfc.turnstile.TriggerServer$AcceptHandler handle
INFO: Locked, Accept request ignored
Nov 03, 2016 10:35:33 AM org.mtahq.pfc.turnstile.TriggerServer$AcceptHandler handle
INFO: Locked, Accept request ignored
Nov 03, 2016 10:37:00 AM org.mtahq.pfc.turnstile.TriggerServer$AcceptHandler handle
INFO: Accept request received
Nov 03, 2016 10:37:00 AM org.mtahq.pfc.turnstile.TriggerServer$AcceptHandler handle
INFO: Locked, Accept request ignored
Nov 03, 2016 10:37:01 AM org.mtahq.pfc.turnstile.TriggerServer$AcceptHandler handle
INFO: Locked, Accept request ignored
Nov 03, 2016 10:37:01 AM org.mtahq.pfc.turnstile.TriggerServer$AcceptHandler handle
INFO: Locked, Accept request ignored
Nov 03, 2016 10:37:01 AM org.mtahq.pfc.turnstile.TriggerServer$AcceptHandler handle
INFO: Locked, Accept request ignored
Nov 03, 2016 10:37:01 AM org.mtahq.pfc.turnstile.TriggerServer$AcceptHandler handle
INFO: Locked, Accept request ignored
Nov 03, 2016 10:37:02 AM org.mtahq.pfc.turnstile.TriggerServer$AcceptHandler handle
INFO: Locked, Accept request ignored
Nov 03, 2016 10:37:02 AM org.mtahq.pfc.turnstile.TriggerServer$AcceptHandler handle
INFO: Locked, Accept request ignored
Nov 03, 2016 10:37:02 AM org.mtahq.pfc.turnstile.TriggerServer$AcceptHandler handle
INFO: Locked, Accept request ignored
Nov 03, 2016 10:37:02 AM org.mtahq.pfc.turnstile.TriggerServer$AcceptHandler handle
INFO: Locked, Accept request ignored
Nov 03, 2016 10:37:03 AM org.mtahq.pfc.turnstile.TriggerServer$AcceptHandler handle
INFO: Locked, Accept request ignored
Nov 03, 2016 10:37:07 AM org.mtahq.pfc.turnstile.TriggerServer$AcceptHandler handle
INFO: Accept request received
Nov 03, 2016 10:37:07 AM org.mtahq.pfc.turnstile.TriggerServer$AcceptHandler handle
INFO: Locked, Accept request ignored
Nov 03, 2016 10:37:08 AM org.mtahq.pfc.turnstile.TriggerServer$AcceptHandler handle
INFO: Locked, Accept request ignored
Nov 03, 2016 10:37:08 AM org.mtahq.pfc.turnstile.TriggerServer$AcceptHandler handle
INFO: Locked, Accept request ignored
Nov 03, 2016 10:37:08 AM org.mtahq.pfc.turnstile.TriggerServer$AcceptHandler handle
INFO: Locked, Accept request ignored
Nov 03, 2016 10:37:09 AM org.mtahq.pfc.turnstile.TriggerServer$AcceptHandler handle
INFO: Locked, Accept request ignored
Nov 03, 2016 10:37:09 AM org.mtahq.pfc.turnstile.TriggerServer$AcceptHandler handle
INFO: Locked, Accept request ignored
Nov 03, 2016 10:37:10 AM org.mtahq.pfc.turnstile.TriggerServer$AcceptHandler handle
INFO: Locked, Accept request ignored
Nov 03, 2016 10:37:19 AM org.mtahq.pfc.turnstile.TriggerServer$AcceptHandler handle
INFO: Accept request received
Nov 03, 2016 10:37:20 AM org.mtahq.pfc.turnstile.TriggerServer$AcceptHandler handle
INFO: Locked, Accept request ignored
Nov 03, 2016 10:37:22 AM org.mtahq.pfc.turnstile.TriggerServer$AcceptHandler handle
INFO: Locked, Accept request ignored
Nov 03, 2016 10:37:22 AM org.mtahq.pfc.turnstile.TriggerServer$AcceptHandler handle
INFO: Locked, Accept request ignored
Nov 03, 2016 10:37:22 AM org.mtahq.pfc.turnstile.TriggerServer$AcceptHandler handle
INFO: Locked, Accept request ignored
Nov 03, 2016 10:37:22 AM org.mtahq.pfc.turnstile.TriggerServer$AcceptHandler handle
INFO: Locked, Accept request ignored
Nov 03, 2016 10:37:23 AM org.mtahq.pfc.turnstile.TriggerServer$AcceptHandler handle
INFO: Locked, Accept request ignored
Nov 03, 2016 10:37:23 AM org.mtahq.pfc.turnstile.TriggerServer$AcceptHandler handle
INFO: Locked, Accept request ignored
Nov 03, 2016 10:37:23 AM org.mtahq.pfc.turnstile.TriggerServer$AcceptHandler handle
INFO: Locked, Accept request ignored
Nov 03, 2016 10:37:23 AM org.mtahq.pfc.turnstile.TriggerServer$AcceptHandler handle
INFO: Locked, Accept request ignored
Nov 03, 2016 10:37:24 AM org.mtahq.pfc.turnstile.TriggerServer$AcceptHandler handle
INFO: Accept request received
Nov 03, 2016 10:37:24 AM org.mtahq.pfc.turnstile.TriggerServer$AcceptHandler handle
INFO: Locked, Accept request ignored
Nov 03, 2016 10:37:24 AM org.mtahq.pfc.turnstile.TriggerServer$AcceptHandler handle
INFO: Locked, Accept request ignored
Nov 03, 2016 10:37:24 AM org.mtahq.pfc.turnstile.TriggerServer$AcceptHandler handle
INFO: Locked, Accept request ignored
Nov 03, 2016 10:37:25 AM org.mtahq.pfc.turnstile.TriggerServer$AcceptHandler handle
INFO: Locked, Accept request ignored
Nov 03, 2016 10:37:25 AM org.mtahq.pfc.turnstile.TriggerServer$AcceptHandler handle
INFO: Locked, Accept request ignored
Nov 03, 2016 10:37:25 AM org.mtahq.pfc.turnstile.TriggerServer$AcceptHandler handle
INFO: Locked, Accept request ignored
Nov 03, 2016 10:37:26 AM org.mtahq.pfc.turnstile.TriggerServer$AcceptHandler handle
INFO: Locked, Accept request ignored
Nov 03, 2016 10:37:26 AM org.mtahq.pfc.turnstile.TriggerServer$AcceptHandler handle
INFO: Locked, Accept request ignored
Nov 03, 2016 10:37:32 AM org.mtahq.pfc.turnstile.TriggerServer$AcceptHandler handle
INFO: Accept request received
Nov 03, 2016 10:37:33 AM org.mtahq.pfc.turnstile.TriggerServer$AcceptHandler handle
INFO: Locked, Accept request ignored
Nov 03, 2016 10:37:33 AM org.mtahq.pfc.turnstile.TriggerServer$AcceptHandler handle
INFO: Locked, Accept request ignored
Nov 03, 2016 10:37:33 AM org.mtahq.pfc.turnstile.TriggerServer$AcceptHandler handle
INFO: Locked, Accept request ignored
Nov 03, 2016 10:37:33 AM org.mtahq.pfc.turnstile.TriggerServer$AcceptHandler handle
INFO: Locked, Accept request ignored
Nov 03, 2016 10:37:35 AM org.mtahq.pfc.turnstile.TriggerServer$AcceptHandler handle
INFO: Locked, Accept request ignored
Nov 03, 2016 10:37:35 AM org.mtahq.pfc.turnstile.TriggerServer$AcceptHandler handle
INFO: Locked, Accept request ignored
Nov 03, 2016 10:37:36 AM org.mtahq.pfc.turnstile.TriggerServer$AcceptHandler handle
INFO: Locked, Accept request ignored
Nov 03, 2016 10:37:42 AM org.mtahq.pfc.turnstile.TriggerServer$AcceptHandler handle
INFO: Accept request received
Nov 03, 2016 10:37:42 AM org.mtahq.pfc.turnstile.TriggerServer$AcceptHandler handle
INFO: Locked, Accept request ignored
Nov 03, 2016 10:37:42 AM org.mtahq.pfc.turnstile.TriggerServer$AcceptHandler handle
INFO: Locked, Accept request ignored
Nov 03, 2016 10:37:42 AM org.mtahq.pfc.turnstile.TriggerServer$AcceptHandler handle
INFO: Locked, Accept request ignored
Nov 03, 2016 10:37:56 AM org.mtahq.pfc.turnstile.TriggerServer$AcceptHandler handle
INFO: Accept request received
Nov 03, 2016 10:38:10 AM org.mtahq.pfc.turnstile.TriggerServer$AcceptHandler handle
INFO: Accept request received
Nov 03, 2016 10:38:22 AM org.mtahq.pfc.turnstile.TriggerServer$AcceptHandler handle
INFO: Accept request received
Nov 03, 2016 10:38:22 AM org.mtahq.pfc.turnstile.TriggerServer$AcceptHandler handle
INFO: Locked, Accept request ignored
Nov 03, 2016 10:38:23 AM org.mtahq.pfc.turnstile.TriggerServer$AcceptHandler handle
INFO: Locked, Accept request ignored
Nov 03, 2016 10:38:24 AM org.mtahq.pfc.turnstile.TriggerServer$AcceptHandler handle
INFO: Locked, Accept request ignored
Nov 03, 2016 10:42:39 AM org.mtahq.pfc.turnstile.TriggerServer$AcceptHandler handle
INFO: Accept request received
Nov 03, 2016 10:42:44 AM org.mtahq.pfc.turnstile.TriggerServer$AcceptHandler handle
INFO: Accept request received
Nov 03, 2016 10:42:44 AM org.mtahq.pfc.turnstile.TriggerServer$AcceptHandler handle
INFO: Locked, Accept request ignored
Nov 03, 2016 10:42:45 AM org.mtahq.pfc.turnstile.TriggerServer$AcceptHandler handle
INFO: Locked, Accept request ignored
Nov 03, 2016 10:42:45 AM org.mtahq.pfc.turnstile.TriggerServer$AcceptHandler handle
INFO: Locked, Accept request ignored
Nov 03, 2016 10:42:45 AM org.mtahq.pfc.turnstile.TriggerServer$AcceptHandler handle
INFO: Locked, Accept request ignored
Nov 03, 2016 10:42:45 AM org.mtahq.pfc.turnstile.TriggerServer$AcceptHandler handle
INFO: Locked, Accept request ignored
Nov 03, 2016 10:42:46 AM org.mtahq.pfc.turnstile.TriggerServer$AcceptHandler handle
INFO: Locked, Accept request ignored
Nov 03, 2016 10:42:46 AM org.mtahq.pfc.turnstile.TriggerServer$AcceptHandler handle
INFO: Locked, Accept request ignored
Nov 03, 2016 10:42:46 AM org.mtahq.pfc.turnstile.TriggerServer$AcceptHandler handle
INFO: Locked, Accept request ignored
Nov 03, 2016 11:05:11 AM org.mtahq.pfc.turnstile.TriggerServer start
INFO: Base directory '/Users/mnilsen/jdeveloper/mywork/TriggerServer/TriggerServer/.'
Nov 03, 2016 11:05:11 AM org.mtahq.pfc.turnstile.TriggerServer start
INFO: Server is starting...
Nov 03, 2016 11:05:36 AM org.mtahq.pfc.turnstile.TriggerServer$AcceptHandler handle
INFO: Accept request received
Nov 03, 2016 11:05:36 AM org.mtahq.pfc.turnstile.TriggerServer$AcceptHandler handle
INFO: Accept request received
Nov 03, 2016 11:05:43 AM org.mtahq.pfc.turnstile.TriggerServer$AcceptHandler handle
INFO: Accept request received
Nov 03, 2016 11:05:44 AM org.mtahq.pfc.turnstile.TriggerServer$AcceptHandler handle
INFO: Locked, Accept request ignored
Nov 03, 2016 11:05:44 AM org.mtahq.pfc.turnstile.TriggerServer$AcceptHandler handle
INFO: Locked, Accept request ignored
Nov 03, 2016 11:05:44 AM org.mtahq.pfc.turnstile.TriggerServer$AcceptHandler handle
INFO: Locked, Accept request ignored
Nov 03, 2016 11:05:45 AM org.mtahq.pfc.turnstile.TriggerServer$AcceptHandler handle
INFO: Locked, Accept request ignored
Nov 03, 2016 11:05:45 AM org.mtahq.pfc.turnstile.TriggerServer$AcceptHandler handle
INFO: Locked, Accept request ignored
Nov 03, 2016 11:05:45 AM org.mtahq.pfc.turnstile.TriggerServer$AcceptHandler handle
INFO: Locked, Accept request ignored
Nov 03, 2016 11:05:45 AM org.mtahq.pfc.turnstile.TriggerServer$AcceptHandler handle
INFO: Locked, Accept request ignored
Nov 03, 2016 11:05:46 AM org.mtahq.pfc.turnstile.TriggerServer$AcceptHandler handle
INFO: Locked, Accept request ignored
Nov 03, 2016 11:05:46 AM org.mtahq.pfc.turnstile.TriggerServer$AcceptHandler handle
INFO: Locked, Accept request ignored
Nov 03, 2016 11:13:39 AM org.mtahq.pfc.turnstile.TriggerServer$AcceptHandler handle
INFO: Accept request received
Nov 03, 2016 11:13:39 AM org.mtahq.pfc.turnstile.TriggerServer$AcceptHandler handle
INFO: Locked, Accept request ignored
Nov 03, 2016 11:13:41 AM org.mtahq.pfc.turnstile.TriggerServer$AcceptHandler handle
INFO: Locked, Accept request ignored
Nov 03, 2016 11:13:41 AM org.mtahq.pfc.turnstile.TriggerServer$AcceptHandler handle
INFO: Locked, Accept request ignored
Nov 03, 2016 11:14:48 AM org.mtahq.pfc.turnstile.TriggerServer start
INFO: Base directory '/Users/mnilsen/jdeveloper/mywork/TriggerServer/TriggerServer/.'
Nov 03, 2016 11:14:48 AM org.mtahq.pfc.turnstile.TriggerServer start
INFO: Server is starting...
Nov 03, 2016 11:15:15 AM org.mtahq.pfc.turnstile.TriggerServer$AcceptHandler handle
INFO: Accept request received
Nov 03, 2016 11:15:15 AM org.mtahq.pfc.turnstile.TriggerServer$AcceptHandler handle
INFO: Locked, Accept request ignored
Nov 03, 2016 11:15:15 AM org.mtahq.pfc.turnstile.TriggerServer$AcceptHandler handle
INFO: Locked, Accept request ignored
Nov 03, 2016 11:15:15 AM org.mtahq.pfc.turnstile.TriggerServer$AcceptHandler handle
INFO: Locked, Accept request ignored
Nov 03, 2016 11:15:16 AM org.mtahq.pfc.turnstile.TriggerServer$AcceptHandler handle
INFO: Locked, Accept request ignored
Nov 03, 2016 11:15:16 AM org.mtahq.pfc.turnstile.TriggerServer$AcceptHandler handle
INFO: Locked, Accept request ignored
Nov 03, 2016 11:15:16 AM org.mtahq.pfc.turnstile.TriggerServer$AcceptHandler handle
INFO: Locked, Accept request ignored
Nov 03, 2016 11:15:16 AM org.mtahq.pfc.turnstile.TriggerServer$AcceptHandler handle
INFO: Locked, Accept request ignored
Nov 03, 2016 11:15:17 AM org.mtahq.pfc.turnstile.TriggerServer$AcceptHandler handle
INFO: Locked, Accept request ignored
Nov 03, 2016 11:15:18 AM org.mtahq.pfc.turnstile.TriggerServer$AcceptHandler handle
INFO: Locked, Accept request ignored
Nov 03, 2016 11:15:18 AM org.mtahq.pfc.turnstile.TriggerServer$AcceptHandler handle
INFO: Locked, Accept request ignored
Nov 03, 2016 11:15:29 AM org.mtahq.pfc.turnstile.TriggerServer$AcceptHandler handle
INFO: Accept request received
Nov 03, 2016 11:15:29 AM org.mtahq.pfc.turnstile.TriggerServer$AcceptHandler handle
INFO: Locked, Accept request ignored
Nov 03, 2016 11:15:29 AM org.mtahq.pfc.turnstile.TriggerServer$AcceptHandler handle
INFO: Locked, Accept request ignored
Nov 03, 2016 11:15:31 AM org.mtahq.pfc.turnstile.TriggerServer$AcceptHandler handle
INFO: Locked, Accept request ignored
Nov 03, 2016 11:18:30 AM org.mtahq.pfc.turnstile.TriggerServer$AcceptHandler handle
INFO: Accept request received
Nov 03, 2016 11:18:31 AM org.mtahq.pfc.turnstile.TriggerServer$AcceptHandler handle
INFO: Locked, Accept request ignored
Nov 03, 2016 11:18:31 AM org.mtahq.pfc.turnstile.TriggerServer$AcceptHandler handle
INFO: Locked, Accept request ignored
Nov 03, 2016 11:18:31 AM org.mtahq.pfc.turnstile.TriggerServer$AcceptHandler handle
INFO: Locked, Accept request ignored
Nov 03, 2016 11:18:32 AM org.mtahq.pfc.turnstile.TriggerServer$AcceptHandler handle
INFO: Locked, Accept request ignored
Nov 03, 2016 11:18:32 AM org.mtahq.pfc.turnstile.TriggerServer$AcceptHandler handle
INFO: Locked, Accept request ignored
Nov 03, 2016 11:18:33 AM org.mtahq.pfc.turnstile.TriggerServer$AcceptHandler handle
INFO: Locked, Accept request ignored
Nov 03, 2016 11:18:33 AM org.mtahq.pfc.turnstile.TriggerServer$AcceptHandler handle
INFO: Locked, Accept request ignored
Nov 03, 2016 11:18:33 AM org.mtahq.pfc.turnstile.TriggerServer$AcceptHandler handle
INFO: Locked, Accept request ignored
Nov 03, 2016 11:18:40 AM org.mtahq.pfc.turnstile.TriggerServer$AcceptHandler handle
INFO: Accept request received
Nov 03, 2016 11:18:41 AM org.mtahq.pfc.turnstile.TriggerServer$AcceptHandler handle
INFO: Locked, Accept request ignored
Nov 03, 2016 11:18:42 AM org.mtahq.pfc.turnstile.TriggerServer$AcceptHandler handle
INFO: Locked, Accept request ignored
Nov 03, 2016 11:18:43 AM org.mtahq.pfc.turnstile.TriggerServer$AcceptHandler handle
INFO: Locked, Accept request ignored
Nov 03, 2016 11:18:43 AM org.mtahq.pfc.turnstile.TriggerServer$AcceptHandler handle
INFO: Locked, Accept request ignored
Nov 03, 2016 11:18:43 AM org.mtahq.pfc.turnstile.TriggerServer$AcceptHandler handle
INFO: Locked, Accept request ignored
Nov 03, 2016 11:18:43 AM org.mtahq.pfc.turnstile.TriggerServer$AcceptHandler handle
INFO: Locked, Accept request ignored
Nov 03, 2016 11:18:44 AM org.mtahq.pfc.turnstile.TriggerServer$AcceptHandler handle
INFO: Locked, Accept request ignored
Nov 03, 2016 11:50:43 AM org.mtahq.pfc.turnstile.TriggerServer$AcceptHandler handle
INFO: Accept request received
Nov 03, 2016 11:50:43 AM org.mtahq.pfc.turnstile.TriggerServer$AcceptHandler handle
INFO: Locked, Accept request ignored
Nov 03, 2016 11:50:53 AM org.mtahq.pfc.turnstile.TriggerServer$AcceptHandler handle
INFO: Accept request received
Nov 03, 2016 11:50:57 AM org.mtahq.pfc.turnstile.TriggerServer$AcceptHandler handle
INFO: Locked, Accept request ignored
Nov 03, 2016 11:50:57 AM org.mtahq.pfc.turnstile.TriggerServer$AcceptHandler handle
INFO: Locked, Accept request ignored
Nov 03, 2016 11:50:57 AM org.mtahq.pfc.turnstile.TriggerServer$AcceptHandler handle
INFO: Locked, Accept request ignored
Nov 03, 2016 11:51:35 AM org.mtahq.pfc.turnstile.TriggerServer$AcceptHandler handle
INFO: Accept request received
Nov 03, 2016 11:51:35 AM org.mtahq.pfc.turnstile.TriggerServer$AcceptHandler handle
INFO: Locked, Accept request ignored
Nov 03, 2016 11:52:00 AM org.mtahq.pfc.turnstile.TriggerServer$AcceptHandler handle
INFO: Accept request received
Nov 03, 2016 11:52:00 AM org.mtahq.pfc.turnstile.TriggerServer$AcceptHandler handle
INFO: Locked, Accept request ignored
Nov 03, 2016 11:52:01 AM org.mtahq.pfc.turnstile.TriggerServer$AcceptHandler handle
INFO: Locked, Accept request ignored
Nov 03, 2016 11:52:01 AM org.mtahq.pfc.turnstile.TriggerServer$AcceptHandler handle
INFO: Locked, Accept request ignored
Nov 03, 2016 11:52:01 AM org.mtahq.pfc.turnstile.TriggerServer$AcceptHandler handle
INFO: Locked, Accept request ignored
Nov 03, 2016 11:52:01 AM org.mtahq.pfc.turnstile.TriggerServer$AcceptHandler handle
INFO: Locked, Accept request ignored
Nov 03, 2016 11:52:01 AM org.mtahq.pfc.turnstile.TriggerServer$AcceptHandler handle
INFO: Locked, Accept request ignored
Nov 03, 2016 11:52:02 AM org.mtahq.pfc.turnstile.TriggerServer$AcceptHandler handle
INFO: Locked, Accept request ignored
Nov 03, 2016 11:52:02 AM org.mtahq.pfc.turnstile.TriggerServer$AcceptHandler handle
INFO: Locked, Accept request ignored
Nov 03, 2016 11:52:03 AM org.mtahq.pfc.turnstile.TriggerServer$AcceptHandler handle
INFO: Locked, Accept request ignored
Nov 03, 2016 11:52:06 AM org.mtahq.pfc.turnstile.TriggerServer$AcceptHandler handle
INFO: Accept request received
Nov 03, 2016 11:52:07 AM org.mtahq.pfc.turnstile.TriggerServer$AcceptHandler handle
INFO: Locked, Accept request ignored
Nov 03, 2016 11:52:07 AM org.mtahq.pfc.turnstile.TriggerServer$AcceptHandler handle
INFO: Locked, Accept request ignored
Nov 03, 2016 11:52:08 AM org.mtahq.pfc.turnstile.TriggerServer$AcceptHandler handle
INFO: Locked, Accept request ignored
Nov 03, 2016 11:52:08 AM org.mtahq.pfc.turnstile.TriggerServer$AcceptHandler handle
INFO: Locked, Accept request ignored
Nov 03, 2016 11:52:08 AM org.mtahq.pfc.turnstile.TriggerServer$AcceptHandler handle
INFO: Locked, Accept request ignored
Nov 03, 2016 11:52:08 AM org.mtahq.pfc.turnstile.TriggerServer$AcceptHandler handle
INFO: Locked, Accept request ignored
Nov 03, 2016 11:52:12 AM org.mtahq.pfc.turnstile.TriggerServer$AcceptHandler handle
INFO: Accept request received
Nov 03, 2016 11:52:12 AM org.mtahq.pfc.turnstile.TriggerServer$AcceptHandler handle
INFO: Locked, Accept request ignored
Nov 03, 2016 11:52:12 AM org.mtahq.pfc.turnstile.TriggerServer$AcceptHandler handle
INFO: Locked, Accept request ignored
Nov 03, 2016 11:52:13 AM org.mtahq.pfc.turnstile.TriggerServer$AcceptHandler handle
INFO: Locked, Accept request ignored
Nov 03, 2016 11:52:13 AM org.mtahq.pfc.turnstile.TriggerServer$AcceptHandler handle
INFO: Locked, Accept request ignored
Nov 03, 2016 11:52:18 AM org.mtahq.pfc.turnstile.TriggerServer$AcceptHandler handle
INFO: Accept request received
Nov 03, 2016 11:52:18 AM org.mtahq.pfc.turnstile.TriggerServer$AcceptHandler handle
INFO: Locked, Accept request ignored
Nov 03, 2016 11:52:19 AM org.mtahq.pfc.turnstile.TriggerServer$AcceptHandler handle
INFO: Locked, Accept request ignored
Nov 03, 2016 11:52:47 AM org.mtahq.pfc.turnstile.TriggerServer$AcceptHandler handle
INFO: Accept request received
Nov 03, 2016 11:52:47 AM org.mtahq.pfc.turnstile.TriggerServer$AcceptHandler handle
INFO: Locked, Accept request ignored
Nov 03, 2016 11:52:47 AM org.mtahq.pfc.turnstile.TriggerServer$AcceptHandler handle
INFO: Locked, Accept request ignored
Nov 03, 2016 11:52:50 AM org.mtahq.pfc.turnstile.TriggerServer$AcceptHandler handle
INFO: Locked, Accept request ignored
Nov 03, 2016 11:52:51 AM org.mtahq.pfc.turnstile.TriggerServer$AcceptHandler handle
INFO: Locked, Accept request ignored
Nov 03, 2016 11:52:51 AM org.mtahq.pfc.turnstile.TriggerServer$AcceptHandler handle
INFO: Locked, Accept request ignored
Nov 03, 2016 11:52:51 AM org.mtahq.pfc.turnstile.TriggerServer$AcceptHandler handle
INFO: Locked, Accept request ignored
Nov 03, 2016 11:52:52 AM org.mtahq.pfc.turnstile.TriggerServer$AcceptHandler handle
INFO: Locked, Accept request ignored
Nov 03, 2016 11:52:52 AM org.mtahq.pfc.turnstile.TriggerServer$AcceptHandler handle
INFO: Accept request received
Nov 03, 2016 11:52:55 AM org.mtahq.pfc.turnstile.TriggerServer$AcceptHandler handle
INFO: Locked, Accept request ignored
Nov 03, 2016 11:52:55 AM org.mtahq.pfc.turnstile.TriggerServer$AcceptHandler handle
INFO: Locked, Accept request ignored
Nov 03, 2016 11:52:55 AM org.mtahq.pfc.turnstile.TriggerServer$AcceptHandler handle
INFO: Locked, Accept request ignored
Nov 03, 2016 11:52:56 AM org.mtahq.pfc.turnstile.TriggerServer$AcceptHandler handle
INFO: Locked, Accept request ignored
Nov 03, 2016 11:52:56 AM org.mtahq.pfc.turnstile.TriggerServer$AcceptHandler handle
INFO: Locked, Accept request ignored
Nov 03, 2016 11:52:56 AM org.mtahq.pfc.turnstile.TriggerServer$AcceptHandler handle
INFO: Locked, Accept request ignored
Nov 03, 2016 11:52:57 AM org.mtahq.pfc.turnstile.TriggerServer$AcceptHandler handle
INFO: Accept request received
Nov 03, 2016 11:52:57 AM org.mtahq.pfc.turnstile.TriggerServer$AcceptHandler handle
INFO: Locked, Accept request ignored
Nov 03, 2016 11:52:57 AM org.mtahq.pfc.turnstile.TriggerServer$AcceptHandler handle
INFO: Locked, Accept request ignored
Nov 03, 2016 11:53:01 AM org.mtahq.pfc.turnstile.TriggerServer$AcceptHandler handle
INFO: Locked, Accept request ignored
Nov 03, 2016 11:53:01 AM org.mtahq.pfc.turnstile.TriggerServer$AcceptHandler handle
INFO: Locked, Accept request ignored
Nov 03, 2016 11:53:01 AM org.mtahq.pfc.turnstile.TriggerServer$AcceptHandler handle
INFO: Locked, Accept request ignored
Nov 03, 2016 11:53:01 AM org.mtahq.pfc.turnstile.TriggerServer$AcceptHandler handle
INFO: Locked, Accept request ignored
Nov 03, 2016 11:53:02 AM org.mtahq.pfc.turnstile.TriggerServer$AcceptHandler handle
INFO: Locked, Accept request ignored
Nov 03, 2016 11:53:02 AM org.mtahq.pfc.turnstile.TriggerServer$AcceptHandler handle
INFO: Locked, Accept request ignored
Nov 03, 2016 11:53:02 AM org.mtahq.pfc.turnstile.TriggerServer$AcceptHandler handle
INFO: Accept request received
Nov 03, 2016 11:53:02 AM org.mtahq.pfc.turnstile.TriggerServer$AcceptHandler handle
INFO: Locked, Accept request ignored
Nov 03, 2016 11:53:03 AM org.mtahq.pfc.turnstile.TriggerServer$AcceptHandler handle
INFO: Locked, Accept request ignored
Nov 03, 2016 11:53:03 AM org.mtahq.pfc.turnstile.TriggerServer$AcceptHandler handle
INFO: Locked, Accept request ignored
Nov 03, 2016 11:55:29 AM org.mtahq.pfc.turnstile.TriggerServer$AcceptHandler handle
INFO: Accept request received
Nov 03, 2016 11:55:30 AM org.mtahq.pfc.turnstile.TriggerServer$AcceptHandler handle
INFO: Locked, Accept request ignored
Nov 03, 2016 11:55:30 AM org.mtahq.pfc.turnstile.TriggerServer$AcceptHandler handle
INFO: Locked, Accept request ignored
Nov 03, 2016 11:55:31 AM org.mtahq.pfc.turnstile.TriggerServer$AcceptHandler handle
INFO: Locked, Accept request ignored
Nov 03, 2016 11:55:31 AM org.mtahq.pfc.turnstile.TriggerServer$AcceptHandler handle
INFO: Locked, Accept request ignored
Nov 03, 2016 11:55:31 AM org.mtahq.pfc.turnstile.TriggerServer$AcceptHandler handle
INFO: Locked, Accept request ignored
Nov 03, 2016 11:55:31 AM org.mtahq.pfc.turnstile.TriggerServer$AcceptHandler handle
INFO: Locked, Accept request ignored
Nov 03, 2016 11:55:32 AM org.mtahq.pfc.turnstile.TriggerServer$AcceptHandler handle
INFO: Locked, Accept request ignored
Nov 03, 2016 11:55:32 AM org.mtahq.pfc.turnstile.TriggerServer$AcceptHandler handle
INFO: Locked, Accept request ignored
Nov 03, 2016 11:55:33 AM org.mtahq.pfc.turnstile.TriggerServer$AcceptHandler handle
INFO: Locked, Accept request ignored
Nov 03, 2016 11:55:33 AM org.mtahq.pfc.turnstile.TriggerServer$AcceptHandler handle
INFO: Locked, Accept request ignored
Nov 03, 2016 11:55:33 AM org.mtahq.pfc.turnstile.TriggerServer$AcceptHandler handle
INFO: Locked, Accept request ignored
Nov 03, 2016 11:55:33 AM org.mtahq.pfc.turnstile.TriggerServer$AcceptHandler handle
INFO: Locked, Accept request ignored
Nov 03, 2016 11:55:34 AM org.mtahq.pfc.turnstile.TriggerServer$AcceptHandler handle
INFO: Locked, Accept request ignored
Nov 03, 2016 11:55:34 AM org.mtahq.pfc.turnstile.TriggerServer$AcceptHandler handle
INFO: Locked, Accept request ignored
Nov 03, 2016 11:55:34 AM org.mtahq.pfc.turnstile.TriggerServer$AcceptHandler handle
INFO: Locked, Accept request ignored
Nov 03, 2016 11:55:34 AM org.mtahq.pfc.turnstile.TriggerServer$AcceptHandler handle
INFO: Locked, Accept request ignored
Nov 03, 2016 11:55:35 AM org.mtahq.pfc.turnstile.TriggerServer$AcceptHandler handle
INFO: Accept request received
Nov 03, 2016 11:55:36 AM org.mtahq.pfc.turnstile.TriggerServer$AcceptHandler handle
INFO: Locked, Accept request ignored
Nov 03, 2016 11:55:36 AM org.mtahq.pfc.turnstile.TriggerServer$AcceptHandler handle
INFO: Locked, Accept request ignored
Nov 03, 2016 11:55:36 AM org.mtahq.pfc.turnstile.TriggerServer$AcceptHandler handle
INFO: Locked, Accept request ignored
Nov 03, 2016 11:55:37 AM org.mtahq.pfc.turnstile.TriggerServer$AcceptHandler handle
INFO: Locked, Accept request ignored
Nov 03, 2016 11:55:38 AM org.mtahq.pfc.turnstile.TriggerServer$AcceptHandler handle
INFO: Locked, Accept request ignored
Nov 03, 2016 11:55:38 AM org.mtahq.pfc.turnstile.TriggerServer$AcceptHandler handle
INFO: Locked, Accept request ignored
Nov 03, 2016 11:57:45 AM org.mtahq.pfc.turnstile.TriggerServer$AcceptHandler handle
INFO: Accept request received
Nov 03, 2016 11:57:46 AM org.mtahq.pfc.turnstile.TriggerServer$AcceptHandler handle
INFO: Locked, Accept request ignored
Nov 03, 2016 11:57:46 AM org.mtahq.pfc.turnstile.TriggerServer$AcceptHandler handle
INFO: Locked, Accept request ignored
Nov 03, 2016 11:57:47 AM org.mtahq.pfc.turnstile.TriggerServer$AcceptHandler handle
INFO: Locked, Accept request ignored
Nov 03, 2016 11:57:48 AM org.mtahq.pfc.turnstile.TriggerServer$AcceptHandler handle
INFO: Locked, Accept request ignored
Nov 03, 2016 11:57:48 AM org.mtahq.pfc.turnstile.TriggerServer$AcceptHandler handle
INFO: Locked, Accept request ignored
Nov 03, 2016 11:57:49 AM org.mtahq.pfc.turnstile.TriggerServer$AcceptHandler handle
INFO: Locked, Accept request ignored
Nov 03, 2016 11:57:50 AM org.mtahq.pfc.turnstile.TriggerServer$AcceptHandler handle
INFO: Accept request received
Nov 03, 2016 11:57:50 AM org.mtahq.pfc.turnstile.TriggerServer$AcceptHandler handle
INFO: Locked, Accept request ignored
Nov 03, 2016 11:57:51 AM org.mtahq.pfc.turnstile.TriggerServer$AcceptHandler handle
INFO: Locked, Accept request ignored
Nov 03, 2016 11:57:55 AM org.mtahq.pfc.turnstile.TriggerServer$AcceptHandler handle
INFO: Locked, Accept request ignored
Nov 03, 2016 11:57:55 AM org.mtahq.pfc.turnstile.TriggerServer$AcceptHandler handle
INFO: Accept request received
Nov 03, 2016 11:57:55 AM org.mtahq.pfc.turnstile.TriggerServer$AcceptHandler handle
INFO: Locked, Accept request ignored
Nov 03, 2016 11:57:56 AM org.mtahq.pfc.turnstile.TriggerServer$AcceptHandler handle
INFO: Locked, Accept request ignored
Nov 03, 2016 11:57:56 AM org.mtahq.pfc.turnstile.TriggerServer$AcceptHandler handle
INFO: Locked, Accept request ignored
Nov 03, 2016 11:57:56 AM org.mtahq.pfc.turnstile.TriggerServer$AcceptHandler handle
INFO: Locked, Accept request ignored
Nov 03, 2016 11:57:57 AM org.mtahq.pfc.turnstile.TriggerServer$AcceptHandler handle
INFO: Locked, Accept request ignored
Nov 03, 2016 11:57:57 AM org.mtahq.pfc.turnstile.TriggerServer$AcceptHandler handle
INFO: Locked, Accept request ignored
Nov 03, 2016 11:58:00 AM org.mtahq.pfc.turnstile.TriggerServer$AcceptHandler handle
INFO: Locked, Accept request ignored
Nov 03, 2016 11:58:00 AM org.mtahq.pfc.turnstile.TriggerServer$AcceptHandler handle
INFO: Locked, Accept request ignored
Nov 03, 2016 11:58:00 AM org.mtahq.pfc.turnstile.TriggerServer$AcceptHandler handle
INFO: Accept request received
Nov 03, 2016 11:58:01 AM org.mtahq.pfc.turnstile.TriggerServer$AcceptHandler handle
INFO: Locked, Accept request ignored
Nov 03, 2016 11:58:01 AM org.mtahq.pfc.turnstile.TriggerServer$AcceptHandler handle
INFO: Locked, Accept request ignored
Nov 03, 2016 11:58:02 AM org.mtahq.pfc.turnstile.TriggerServer$AcceptHandler handle
INFO: Locked, Accept request ignored
Nov 03, 2016 11:58:03 AM org.mtahq.pfc.turnstile.TriggerServer$AcceptHandler handle
INFO: Locked, Accept request ignored
Nov 03, 2016 11:58:03 AM org.mtahq.pfc.turnstile.TriggerServer$AcceptHandler handle
INFO: Locked, Accept request ignored
Nov 03, 2016 11:58:03 AM org.mtahq.pfc.turnstile.TriggerServer$AcceptHandler handle
INFO: Locked, Accept request ignored
Nov 03, 2016 11:58:18 AM org.mtahq.pfc.turnstile.TriggerServer$AcceptHandler handle
INFO: Accept request received
Nov 03, 2016 11:58:18 AM org.mtahq.pfc.turnstile.TriggerServer$AcceptHandler handle
INFO: Locked, Accept request ignored
Nov 03, 2016 11:58:18 AM org.mtahq.pfc.turnstile.TriggerServer$AcceptHandler handle
INFO: Locked, Accept request ignored
Nov 03, 2016 11:58:18 AM org.mtahq.pfc.turnstile.TriggerServer$AcceptHandler handle
INFO: Locked, Accept request ignored
Nov 03, 2016 11:58:18 AM org.mtahq.pfc.turnstile.TriggerServer$AcceptHandler handle
INFO: Locked, Accept request ignored
Nov 03, 2016 11:58:19 AM org.mtahq.pfc.turnstile.TriggerServer$AcceptHandler handle
INFO: Locked, Accept request ignored
Nov 03, 2016 11:58:19 AM org.mtahq.pfc.turnstile.TriggerServer$AcceptHandler handle
INFO: Locked, Accept request ignored
Nov 03, 2016 11:58:19 AM org.mtahq.pfc.turnstile.TriggerServer$AcceptHandler handle
INFO: Locked, Accept request ignored
Nov 03, 2016 11:58:20 AM org.mtahq.pfc.turnstile.TriggerServer$AcceptHandler handle
INFO: Locked, Accept request ignored
Nov 03, 2016 11:58:20 AM org.mtahq.pfc.turnstile.TriggerServer$AcceptHandler handle
INFO: Locked, Accept request ignored
Nov 08, 2016 10:08:59 AM org.mtahq.pfc.turnstile.TriggerServer start
INFO: Base directory '/Users/michaeln/jdeveloper/mywork/TriggerServer/TriggerServer/.'
Nov 08, 2016 10:08:59 AM org.mtahq.pfc.turnstile.TriggerServer start
INFO: Server is starting...
Nov 08, 2016 10:09:31 AM org.mtahq.pfc.turnstile.TriggerServer$AcceptHandler handle
INFO: Accept request received
Nov 08, 2016 10:09:33 AM org.mtahq.pfc.turnstile.TriggerServer$AcceptHandler handle
INFO: Locked, Accept request ignored
Nov 08, 2016 10:09:42 AM org.mtahq.pfc.turnstile.TriggerServer$AcceptHandler handle
INFO: Accept request received
Nov 08, 2016 10:09:46 AM org.mtahq.pfc.turnstile.TriggerServer$AcceptHandler handle
INFO: Locked, Accept request ignored
Nov 08, 2016 10:10:14 AM org.mtahq.pfc.turnstile.TriggerServer$AcceptHandler handle
INFO: Accept request received
Nov 08, 2016 10:10:16 AM org.mtahq.pfc.turnstile.TriggerServer$AcceptHandler handle
INFO: Locked, Accept request ignored
Nov 08, 2016 10:13:30 AM org.mtahq.pfc.turnstile.TriggerServer start
INFO: Base directory '/Users/michaeln/jdeveloper/mywork/TriggerServer/TriggerServer/.'
Nov 08, 2016 10:13:30 AM org.mtahq.pfc.turnstile.TriggerServer start
INFO: Server is starting...
Nov 08, 2016 10:14:02 AM org.mtahq.pfc.turnstile.TriggerServer$AcceptHandler handle
INFO: Accept request received
Nov 08, 2016 10:14:08 AM org.mtahq.pfc.turnstile.TriggerServer$AcceptHandler handle
INFO: Locked, Accept request ignored
Nov 08, 2016 10:15:09 AM org.mtahq.pfc.turnstile.TriggerServer$AcceptHandler handle
INFO: Accept request received
Nov 08, 2016 10:15:10 AM org.mtahq.pfc.turnstile.TriggerServer$AcceptHandler handle
INFO: Locked, Accept request ignored
Nov 08, 2016 10:16:47 AM org.mtahq.pfc.turnstile.TriggerServer start
INFO: Base directory '/Users/michaeln/jdeveloper/mywork/TriggerServer/TriggerServer/.'
Nov 08, 2016 10:16:47 AM org.mtahq.pfc.turnstile.TriggerServer start
INFO: Server is starting...
Nov 08, 2016 10:17:20 AM org.mtahq.pfc.turnstile.TriggerServer$AcceptHandler handle
INFO: Accept request received
Nov 08, 2016 10:17:28 AM org.mtahq.pfc.turnstile.TriggerServer$AcceptHandler handle
INFO: Accept request received
Nov 08, 2016 10:18:51 AM org.mtahq.pfc.turnstile.TriggerServer$AcceptHandler handle
INFO: Accept request received
Nov 08, 2016 10:20:27 AM org.mtahq.pfc.turnstile.TriggerServer start
INFO: Base directory '/Users/michaeln/jdeveloper/mywork/TriggerServer/TriggerServer/.'
Nov 08, 2016 10:20:27 AM org.mtahq.pfc.turnstile.TriggerServer start
INFO: Server is starting...
Nov 08, 2016 10:20:39 AM org.mtahq.pfc.turnstile.TriggerServer$AcceptHandler handle
INFO: Accept request received
Nov 08, 2016 2:30:22 PM org.mtahq.pfc.turnstile.TriggerServer start
INFO: Base directory '/Users/michaeln/jdeveloper/mywork/TriggerServer/TriggerServer/.'
Nov 08, 2016 2:30:22 PM org.mtahq.pfc.turnstile.TriggerServer start
INFO: Server is starting...
Nov 08, 2016 2:39:15 PM org.mtahq.pfc.turnstile.TriggerServer start
INFO: Base directory '/Users/michaeln/jdeveloper/mywork/TriggerServer/TriggerServer/.'
Nov 08, 2016 2:39:15 PM org.mtahq.pfc.turnstile.TriggerServer start
INFO: Server is starting...
Nov 08, 2016 2:40:36 PM org.mtahq.pfc.turnstile.TriggerServer$AcceptHandler handle
INFO: Accept request received
Nov 08, 2016 2:44:02 PM org.mtahq.pfc.turnstile.TriggerServer$AcceptHandler handle
INFO: Accept request received
Nov 08, 2016 2:44:52 PM org.mtahq.pfc.turnstile.TriggerServer$AcceptHandler handle
INFO: Accept request received
Nov 08, 2016 2:45:31 PM org.mtahq.pfc.turnstile.TriggerServer$AcceptHandler handle
INFO: Accept request received
Nov 08, 2016 3:07:32 PM org.mtahq.pfc.turnstile.TriggerServer start
INFO: Base directory '/Users/michaeln/jdeveloper/mywork/TriggerServer/TriggerServer/.'
Nov 08, 2016 3:07:32 PM org.mtahq.pfc.turnstile.TriggerServer start
INFO: Server is starting...
Nov 08, 2016 3:09:00 PM org.mtahq.pfc.turnstile.TriggerServer$AcceptHandler handle
INFO: Accept request received
Nov 08, 2016 3:15:11 PM org.mtahq.pfc.turnstile.TriggerServer start
INFO: Base directory '/Users/michaeln/jdeveloper/mywork/TriggerServer/TriggerServer/.'
Nov 08, 2016 3:15:11 PM org.mtahq.pfc.turnstile.TriggerServer start
INFO: Server is starting...
Nov 08, 2016 3:15:18 PM org.mtahq.pfc.turnstile.TriggerServer$PollingHandler handle
INFO: No UUID in polling request
Nov 08, 2016 3:15:19 PM org.mtahq.pfc.turnstile.TriggerServer$PollingHandler handle
INFO: No UUID in polling request
Nov 08, 2016 3:15:20 PM org.mtahq.pfc.turnstile.TriggerServer$PollingHandler handle
INFO: No UUID in polling request
Nov 08, 2016 3:15:21 PM org.mtahq.pfc.turnstile.TriggerServer$PollingHandler handle
INFO: No UUID in polling request
Nov 08, 2016 3:15:22 PM org.mtahq.pfc.turnstile.TriggerServer$PollingHandler handle
INFO: No UUID in polling request
Nov 08, 2016 3:15:23 PM org.mtahq.pfc.turnstile.TriggerServer$PollingHandler handle
INFO: No UUID in polling request
Nov 08, 2016 3:15:24 PM org.mtahq.pfc.turnstile.TriggerServer$PollingHandler handle
INFO: No UUID in polling request
Nov 08, 2016 3:15:25 PM org.mtahq.pfc.turnstile.TriggerServer$AcceptHandler handle
INFO: Accept request received
Nov 08, 2016 3:15:25 PM org.mtahq.pfc.turnstile.TriggerServer$PollingHandler handle
INFO: No UUID in polling request
Nov 08, 2016 3:15:26 PM org.mtahq.pfc.turnstile.TriggerServer$PollingHandler handle
INFO: No UUID in polling request
Nov 08, 2016 3:15:27 PM org.mtahq.pfc.turnstile.TriggerServer$PollingHandler handle
INFO: No UUID in polling request
Nov 08, 2016 3:15:28 PM org.mtahq.pfc.turnstile.TriggerServer$PollingHandler handle
INFO: No UUID in polling request
Nov 08, 2016 3:15:29 PM org.mtahq.pfc.turnstile.TriggerServer$PollingHandler handle
INFO: No UUID in polling request
Nov 08, 2016 3:15:30 PM org.mtahq.pfc.turnstile.TriggerServer$PollingHandler handle
INFO: No UUID in polling request
Nov 08, 2016 3:15:31 PM org.mtahq.pfc.turnstile.TriggerServer$PollingHandler handle
INFO: No UUID in polling request
Nov 08, 2016 3:15:32 PM org.mtahq.pfc.turnstile.TriggerServer$PollingHandler handle
INFO: No UUID in polling request
Nov 08, 2016 3:15:33 PM org.mtahq.pfc.turnstile.TriggerServer$PollingHandler handle
INFO: No UUID in polling request
Nov 08, 2016 3:16:08 PM org.mtahq.pfc.turnstile.TriggerServer$PollingHandler handle
INFO: Polling with UUID 4a3c5cc0-834c-4b97-b4e1-85e8fa7ce11c
Nov 08, 2016 3:16:16 PM org.mtahq.pfc.turnstile.TriggerServer$PollingHandler handle
INFO: Polling with UUID 4a3c5cc0-834c-4b97-b4e1-85e8fa7ce11c
Nov 08, 2016 3:16:22 PM org.mtahq.pfc.turnstile.TriggerServer$AcceptHandler handle
INFO: Accept request received
